<?xml version="1.0" encoding="UTF-8"?>
<testsuite name="com.bridgelabz.IplLeagueAnalysis.IPlLeagueAnalysisTest" tests="1" skipped="0" failures="0" errors="0" timestamp="2020-11-10T15:25:23" hostname="DESKTOP-62HQPBS" time="0.192">
  <properties/>
  <testcase name="givenLoadBowlingFile_shouldReturnTheNoOfRecords" classname="com.bridgelabz.IplLeagueAnalysis.IPlLeagueAnalysisTest" time="0.192"/>
  <system-out><![CDATA[]]></system-out>
  <system-err><![CDATA[]]></system-err>
</testsuite>
