<?xml version="1.0" encoding="UTF-8"?>
<testsuite name="com.bridgelabz.IplLeagueAnalysis.IPlLeagueAnalysisTest" tests="1" skipped="0" failures="0" errors="0" timestamp="2020-11-11T03:50:10" hostname="DESKTOP-62HQPBS" time="0.269">
  <properties/>
  <testcase name="givenBattingData_max6sAnd4s_shouldReturnResult" classname="com.bridgelabz.IplLeagueAnalysis.IPlLeagueAnalysisTest" time="0.269"/>
  <system-out><![CDATA[]]></system-out>
  <system-err><![CDATA[]]></system-err>
</testsuite>
